<?xml version="1.0" encoding="UTF-8"?>
<!-- Generated by org.testng.reporters.JUnitReportReporter -->
<testsuite hostname="KrazY" failures="0" tests="2" name="com.shopnow.qa.tests.SearchTest" time="16.083" errors="0" timestamp="2024-03-17T11:53:17 IST" skipped="0">
  <testcase classname="com.shopnow.qa.tests.SearchTest" name="verifySearchValidProductName" time="10.216"/>
  <testcase classname="com.shopnow.qa.tests.SearchTest" name="verifyToClickOnSearchResultProduct" time="5.867"/>
</testsuite> <!-- com.shopnow.qa.tests.SearchTest -->
