<?xml version="1.0" encoding="UTF-8"?>
<!-- Generated by org.testng.reporters.JUnitReportReporter -->
<testsuite hostname="KrazY" failures="0" tests="1" name="com.shopnow.qa.tests.HomeTest" time="14.002" errors="0" timestamp="2024-03-17T11:53:18 IST" skipped="0">
  <testcase classname="com.shopnow.qa.tests.HomeTest" name="verifyWebsiteLoadSuccessfully" time="14.002"/>
</testsuite> <!-- com.shopnow.qa.tests.HomeTest -->
