<?xml version="1.0" encoding="UTF-8"?>
<!-- Generated by org.testng.reporters.JUnitReportReporter -->
<testsuite hostname="KrazY" failures="0" tests="2" name="com.shopnow.qa.tests.CheckOutTest" time="5.187" errors="0" timestamp="2024-03-17T11:53:17 IST" skipped="0">
  <testcase classname="com.shopnow.qa.tests.CheckOutTest" name="verifyCorrectProduchAddedInCart" time="1.519"/>
  <testcase classname="com.shopnow.qa.tests.CheckOutTest" name="verifyToPlaceAnOrder" time="3.668"/>
</testsuite> <!-- com.shopnow.qa.tests.CheckOutTest -->
