<?xml version="1.0" encoding="UTF-8"?>
<!-- Generated by org.testng.reporters.JUnitReportReporter -->
<testsuite hostname="KrazY" failures="0" tests="2" name="com.shopnow.qa.tests.ProductTest" time="17.128" errors="0" timestamp="2024-03-17T11:53:17 IST" skipped="0">
  <testcase classname="com.shopnow.qa.tests.ProductTest" name="VerifyPincodeFieldAndCheckButton" time="10.496"/>
  <testcase classname="com.shopnow.qa.tests.ProductTest" name="verifyProductAddToBag" time="6.632"/>
</testsuite> <!-- com.shopnow.qa.tests.ProductTest -->
