<?xml version="1.0" encoding="UTF-8"?>
<!-- Generated by org.testng.reporters.JUnitReportReporter -->
<testsuite hostname="KrazY" failures="0" tests="1" name="com.shopnow.qa.tests.CheckOutTest" time="1.037" errors="0" timestamp="2024-03-26T13:34:01 IST" skipped="0">
  <testcase classname="com.shopnow.qa.tests.CheckOutTest" name="verifyCorrectProduchAddedInCart" time="1.037"/>
</testsuite> <!-- com.shopnow.qa.tests.CheckOutTest -->
