<?xml version="1.0" encoding="UTF-8"?>
<!-- Generated by org.testng.reporters.JUnitReportReporter -->
<testsuite hostname="KrazY" failures="0" tests="2" name="com.shopnow.qa.tests.ProductTest" time="16.939" errors="0" timestamp="2024-03-17T21:45:19 IST" skipped="0">
  <testcase classname="com.shopnow.qa.tests.ProductTest" name="VerifyPincodeFieldAndCheckButton" time="8.867"/>
  <testcase classname="com.shopnow.qa.tests.ProductTest" name="verifyProductAddToBag" time="8.072"/>
</testsuite> <!-- com.shopnow.qa.tests.ProductTest -->
