<?xml version="1.0" encoding="UTF-8"?>
<!-- Generated by org.testng.reporters.JUnitReportReporter -->
<testsuite hostname="KrazY" failures="0" tests="2" name="com.shopnow.qa.tests.ProductTest" time="15.085" errors="0" timestamp="2024-03-17T12:27:17 IST" skipped="0">
  <testcase classname="com.shopnow.qa.tests.ProductTest" name="VerifyPincodeFieldAndCheckButton" time="10.872"/>
  <testcase classname="com.shopnow.qa.tests.ProductTest" name="verifyProductAddToBag" time="4.213"/>
</testsuite> <!-- com.shopnow.qa.tests.ProductTest -->
