<?xml version="1.0" encoding="UTF-8"?>
<!-- Generated by org.testng.reporters.JUnitReportReporter -->
<testsuite hostname="KrazY" failures="0" tests="2" name="com.shopnow.qa.tests.CheckOutTest" time="7.431" errors="0" timestamp="2024-03-17T21:45:19 IST" skipped="0">
  <testcase classname="com.shopnow.qa.tests.CheckOutTest" name="verifyCorrectProduchAddedInCart" time="1.421"/>
  <testcase classname="com.shopnow.qa.tests.CheckOutTest" name="verifyToPlaceAnOrder" time="6.010"/>
</testsuite> <!-- com.shopnow.qa.tests.CheckOutTest -->
