<?xml version="1.0" encoding="UTF-8"?>
<!-- Generated by org.testng.reporters.JUnitReportReporter -->
<testsuite hostname="KrazY" failures="0" tests="1" name="com.shopnow.qa.tests.HomeTest" time="20.439" errors="0" timestamp="2024-03-17T21:45:19 IST" skipped="0">
  <testcase classname="com.shopnow.qa.tests.HomeTest" name="verifyWebsiteLoadSuccessfully" time="20.439"/>
</testsuite> <!-- com.shopnow.qa.tests.HomeTest -->
