<?xml version="1.0" encoding="UTF-8"?>
<!-- Generated by org.testng.reporters.JUnitReportReporter -->
<testsuite hostname="KrazY" failures="0" tests="2" name="com.shopnow.qa.tests.CheckOutTest" time="5.338" errors="0" timestamp="2024-03-17T12:27:17 IST" skipped="0">
  <testcase classname="com.shopnow.qa.tests.CheckOutTest" name="verifyCorrectProduchAddedInCart" time="1.233"/>
  <testcase classname="com.shopnow.qa.tests.CheckOutTest" name="verifyToPlaceAnOrder" time="4.105"/>
</testsuite> <!-- com.shopnow.qa.tests.CheckOutTest -->
