<?xml version="1.0" encoding="UTF-8"?>
<!-- Generated by org.testng.reporters.JUnitReportReporter -->
<testsuite hostname="KrazY" failures="0" tests="2" name="com.shopnow.qa.tests.SearchTest" time="22.195" errors="0" timestamp="2024-03-17T21:45:19 IST" skipped="0">
  <testcase classname="com.shopnow.qa.tests.SearchTest" name="verifySearchValidProductName" time="16.013"/>
  <testcase classname="com.shopnow.qa.tests.SearchTest" name="verifyToClickOnSearchResultProduct" time="6.182"/>
</testsuite> <!-- com.shopnow.qa.tests.SearchTest -->
